Determining if the pthread_create exist failed with the following output:
Change Dir: /home/lvning/workplace/arima/build/CMakeFiles/CMakeTmp

Run Build Command:"/usr/bin/make" "cmTC_a310e/fast"
/usr/bin/make -f CMakeFiles/cmTC_a310e.dir/build.make CMakeFiles/cmTC_a310e.dir/build
make[1]: Entering directory '/home/lvning/workplace/arima/build/CMakeFiles/CMakeTmp'
Building C object CMakeFiles/cmTC_a310e.dir/CheckSymbolExists.c.o
/usr/bin/cc    -o CMakeFiles/cmTC_a310e.dir/CheckSymbolExists.c.o   -c /home/lvning/workplace/arima/build/CMakeFiles/CMakeTmp/CheckSymbolExists.c
Linking C executable cmTC_a310e
/usr/bin/cmake -E cmake_link_script CMakeFiles/cmTC_a310e.dir/link.txt --verbose=1
/usr/bin/cc      CMakeFiles/cmTC_a310e.dir/CheckSymbolExists.c.o  -o cmTC_a310e 
CMakeFiles/cmTC_a310e.dir/CheckSymbolExists.c.o: In function `main':
CheckSymbolExists.c:(.text+0x1b): undefined reference to `pthread_create'
collect2: error: ld returned 1 exit status
CMakeFiles/cmTC_a310e.dir/build.make:97: recipe for target 'cmTC_a310e' failed
make[1]: *** [cmTC_a310e] Error 1
make[1]: Leaving directory '/home/lvning/workplace/arima/build/CMakeFiles/CMakeTmp'
Makefile:126: recipe for target 'cmTC_a310e/fast' failed
make: *** [cmTC_a310e/fast] Error 2

File /home/lvning/workplace/arima/build/CMakeFiles/CMakeTmp/CheckSymbolExists.c:
/* */
#include <pthread.h>

int main(int argc, char** argv)
{
  (void)argv;
#ifndef pthread_create
  return ((int*)(&pthread_create))[argc];
#else
  (void)argc;
  return 0;
#endif
}

Determining if the function pthread_create exists in the pthreads failed with the following output:
Change Dir: /home/lvning/workplace/arima/build/CMakeFiles/CMakeTmp

Run Build Command:"/usr/bin/make" "cmTC_62883/fast"
/usr/bin/make -f CMakeFiles/cmTC_62883.dir/build.make CMakeFiles/cmTC_62883.dir/build
make[1]: Entering directory '/home/lvning/workplace/arima/build/CMakeFiles/CMakeTmp'
Building C object CMakeFiles/cmTC_62883.dir/CheckFunctionExists.c.o
/usr/bin/cc   -DCHECK_FUNCTION_EXISTS=pthread_create   -o CMakeFiles/cmTC_62883.dir/CheckFunctionExists.c.o   -c /usr/share/cmake-3.10/Modules/CheckFunctionExists.c
Linking C executable cmTC_62883
/usr/bin/cmake -E cmake_link_script CMakeFiles/cmTC_62883.dir/link.txt --verbose=1
/usr/bin/cc  -DCHECK_FUNCTION_EXISTS=pthread_create    CMakeFiles/cmTC_62883.dir/CheckFunctionExists.c.o  -o cmTC_62883 -lpthreads 
/usr/bin/ld: cannot find -lpthreads
collect2: error: ld returned 1 exit status
CMakeFiles/cmTC_62883.dir/build.make:97: recipe for target 'cmTC_62883' failed
make[1]: *** [cmTC_62883] Error 1
make[1]: Leaving directory '/home/lvning/workplace/arima/build/CMakeFiles/CMakeTmp'
Makefile:126: recipe for target 'cmTC_62883/fast' failed
make: *** [cmTC_62883/fast] Error 2


